28.02.2022 12:40:29   Microsoft Windows NT 6.2.9200.0 64bit
28.02.2022 12:40:29   C:\Users\gbear\AppData\Local\CardIdleRemastered\Settings.txt
Storage file not found.
28.02.2022 12:40:29   Settings storage initialized
28.02.2022 12:40:31   
System.Net.WebException: The remote server returned an error: (404) Not Found.
   at System.Net.HttpWebRequest.EndGetResponse(IAsyncResult asyncResult)
   at System.Net.WebClient.GetWebResponse(WebRequest request, IAsyncResult result)
   at System.Net.WebClient.DownloadBitsResponseCallback(IAsyncResult result)
--- End of stack trace from previous location where exception was thrown ---
   at System.Runtime.CompilerServices.TaskAwaiter.ThrowForNonSuccess(Task task)
   at System.Runtime.CompilerServices.TaskAwaiter.HandleNonSuccessAndDebuggerNotification(Task task)
   at CardIdleRemastered.SteamParser.<DownloadString>d__0.MoveNext()
--- End of stack trace from previous location where exception was thrown ---
   at System.Runtime.CompilerServices.TaskAwaiter.ThrowForNonSuccess(Task task)
   at System.Runtime.CompilerServices.TaskAwaiter.HandleNonSuccessAndDebuggerNotification(Task task)
   at CardIdleRemastered.PricesUpdater.<DownloadCatalog>d__0.MoveNext()
28.02.2022 12:40:32   DispatcherUnhandledException
System.NullReferenceException: Object reference not set to an instance of an object.
   at CardIdleRemastered.AccountModel.<CheckLatestRelease>d__8.MoveNext()
--- End of stack trace from previous location where exception was thrown ---
   at System.Runtime.CompilerServices.AsyncMethodBuilderCore.<>c.<ThrowAsync>b__6_0(Object state)
   at System.Windows.Threading.ExceptionWrapper.InternalRealCall(Delegate callback, Object args, Int32 numArgs)
   at System.Windows.Threading.ExceptionWrapper.TryCatchWhen(Object source, Delegate callback, Object args, Int32 numArgs, Delegate catchHandler)
28.02.2022 12:40:32   C:\Users\gbear\AppData\Local\CardIdleRemastered\PricesDb.txt
Storage file not found.
28.02.2022 12:40:32   Showcase storage
System.ArgumentNullException: Value cannot be null.
Parameter name: value
   at Newtonsoft.Json.JsonConvert.DeserializeObject(String value, Type type, JsonSerializerSettings settings)
   at Newtonsoft.Json.JsonConvert.DeserializeObject[T](String value, JsonSerializerSettings settings)
   at CardIdleRemastered.PricesUpdater.get_Prices()
   at CardIdleRemastered.ShowcaseManager.<ReadLocalStorage>d__10.MoveNext()
28.02.2022 12:40:32   Login required
28.02.2022 12:44:15   IE version 9.11.19041.0
28.02.2022 12:44:16   Navigated to https://steamcommunity.com/login/home/?goto=my/profile
28.02.2022 12:44:52   Login required
28.02.2022 12:44:52   Navigated to https://store.steampowered.com/
28.02.2022 12:45:05   Navigated to https://steamcommunity.com/login/home/?goto=my/profile
28.02.2022 12:45:23   Login required
28.02.2022 12:48:33   Microsoft Windows NT 6.2.9200.0 64bit
28.02.2022 12:48:33   Settings storage initialized
28.02.2022 12:48:35   
System.Net.WebException: The remote server returned an error: (404) Not Found.
   at System.Net.HttpWebRequest.EndGetResponse(IAsyncResult asyncResult)
   at System.Net.WebClient.GetWebResponse(WebRequest request, IAsyncResult result)
   at System.Net.WebClient.DownloadBitsResponseCallback(IAsyncResult result)
--- End of stack trace from previous location where exception was thrown ---
   at System.Runtime.CompilerServices.TaskAwaiter.ThrowForNonSuccess(Task task)
   at System.Runtime.CompilerServices.TaskAwaiter.HandleNonSuccessAndDebuggerNotification(Task task)
   at CardIdleRemastered.SteamParser.<DownloadString>d__0.MoveNext()
--- End of stack trace from previous location where exception was thrown ---
   at System.Runtime.CompilerServices.TaskAwaiter.ThrowForNonSuccess(Task task)
   at System.Runtime.CompilerServices.TaskAwaiter.HandleNonSuccessAndDebuggerNotification(Task task)
   at CardIdleRemastered.PricesUpdater.<DownloadCatalog>d__0.MoveNext()
28.02.2022 12:48:36   Showcase storage
System.NullReferenceException: Object reference not set to an instance of an object.
   at CardIdleRemastered.ShowcaseManager.<ReadLocalStorage>d__10.MoveNext()
28.02.2022 12:48:36   Login required
28.02.2022 12:48:36   DispatcherUnhandledException
System.NullReferenceException: Object reference not set to an instance of an object.
   at CardIdleRemastered.AccountModel.<CheckLatestRelease>d__8.MoveNext()
--- End of stack trace from previous location where exception was thrown ---
   at System.Runtime.CompilerServices.AsyncMethodBuilderCore.<>c.<ThrowAsync>b__6_0(Object state)
   at System.Windows.Threading.ExceptionWrapper.InternalRealCall(Delegate callback, Object args, Int32 numArgs)
   at System.Windows.Threading.ExceptionWrapper.TryCatchWhen(Object source, Delegate callback, Object args, Int32 numArgs, Delegate catchHandler)
28.02.2022 12:49:56   IE version 9.11.19041.0
28.02.2022 12:49:57   Navigated to https://steamcommunity.com/login/home/?goto=my/profile
28.02.2022 12:53:34   Navigated to https://steamcommunity.com/profiles/76561198289354136
28.02.2022 12:53:35   Session test
28.02.2022 12:53:35   Welcome back
28.02.2022 12:53:36   DispatcherUnhandledException
System.NullReferenceException: Object reference not set to an instance of an object.
   at CardIdleRemastered.AccountUpdater.<LoadBadgesAsync>d__11.MoveNext()
--- End of stack trace from previous location where exception was thrown ---
   at System.Runtime.CompilerServices.TaskAwaiter.ThrowForNonSuccess(Task task)
   at System.Runtime.CompilerServices.TaskAwaiter.HandleNonSuccessAndDebuggerNotification(Task task)
   at CardIdleRemastered.AccountUpdater.<Sync>d__3.MoveNext()
--- End of stack trace from previous location where exception was thrown ---
   at System.Runtime.CompilerServices.TaskAwaiter.ThrowForNonSuccess(Task task)
   at System.Runtime.CompilerServices.TaskAwaiter.HandleNonSuccessAndDebuggerNotification(Task task)
   at CardIdleRemastered.AccountModel.<InitProfile>d__31.MoveNext()
--- End of stack trace from previous location where exception was thrown ---
   at System.Runtime.CompilerServices.TaskAwaiter.ThrowForNonSuccess(Task task)
   at System.Runtime.CompilerServices.TaskAwaiter.HandleNonSuccessAndDebuggerNotification(Task task)
   at CardIdleRemastered.AccountModel.<Login>d__36.MoveNext()
--- End of stack trace from previous location where exception was thrown ---
   at System.Runtime.CompilerServices.AsyncMethodBuilderCore.<>c.<ThrowAsync>b__6_0(Object state)
   at System.Windows.Threading.ExceptionWrapper.InternalRealCall(Delegate callback, Object args, Int32 numArgs)
   at System.Windows.Threading.ExceptionWrapper.TryCatchWhen(Object source, Delegate callback, Object args, Int32 numArgs, Delegate catchHandler)
28.02.2022 12:57:38   Microsoft Windows NT 6.2.9200.0 64bit
28.02.2022 12:57:38   Settings storage initialized
28.02.2022 12:57:40   DispatcherUnhandledException
System.NullReferenceException: Object reference not set to an instance of an object.
   at CardIdleRemastered.AccountModel.<CheckLatestRelease>d__8.MoveNext()
--- End of stack trace from previous location where exception was thrown ---
   at System.Runtime.CompilerServices.AsyncMethodBuilderCore.<>c.<ThrowAsync>b__6_0(Object state)
   at System.Windows.Threading.ExceptionWrapper.InternalRealCall(Delegate callback, Object args, Int32 numArgs)
   at System.Windows.Threading.ExceptionWrapper.TryCatchWhen(Object source, Delegate callback, Object args, Int32 numArgs, Delegate catchHandler)
28.02.2022 12:57:40   
System.Net.WebException: The remote server returned an error: (404) Not Found.
   at System.Net.HttpWebRequest.EndGetResponse(IAsyncResult asyncResult)
   at System.Net.WebClient.GetWebResponse(WebRequest request, IAsyncResult result)
   at System.Net.WebClient.DownloadBitsResponseCallback(IAsyncResult result)
--- End of stack trace from previous location where exception was thrown ---
   at System.Runtime.CompilerServices.TaskAwaiter.ThrowForNonSuccess(Task task)
   at System.Runtime.CompilerServices.TaskAwaiter.HandleNonSuccessAndDebuggerNotification(Task task)
   at CardIdleRemastered.SteamParser.<DownloadString>d__0.MoveNext()
--- End of stack trace from previous location where exception was thrown ---
   at System.Runtime.CompilerServices.TaskAwaiter.ThrowForNonSuccess(Task task)
   at System.Runtime.CompilerServices.TaskAwaiter.HandleNonSuccessAndDebuggerNotification(Task task)
   at CardIdleRemastered.PricesUpdater.<DownloadCatalog>d__0.MoveNext()
28.02.2022 12:57:41   Showcase storage
System.NullReferenceException: Object reference not set to an instance of an object.
   at CardIdleRemastered.ShowcaseManager.<ReadLocalStorage>d__10.MoveNext()
28.02.2022 12:57:41   Session test
28.02.2022 12:57:42   Welcome back
28.02.2022 12:57:43   DispatcherUnhandledException
System.NullReferenceException: Object reference not set to an instance of an object.
   at CardIdleRemastered.AccountUpdater.<LoadBadgesAsync>d__11.MoveNext()
--- End of stack trace from previous location where exception was thrown ---
   at System.Runtime.CompilerServices.TaskAwaiter.ThrowForNonSuccess(Task task)
   at System.Runtime.CompilerServices.TaskAwaiter.HandleNonSuccessAndDebuggerNotification(Task task)
   at CardIdleRemastered.AccountUpdater.<Sync>d__3.MoveNext()
--- End of stack trace from previous location where exception was thrown ---
   at System.Runtime.CompilerServices.TaskAwaiter.ThrowForNonSuccess(Task task)
   at System.Runtime.CompilerServices.TaskAwaiter.HandleNonSuccessAndDebuggerNotification(Task task)
   at CardIdleRemastered.AccountModel.<InitProfile>d__31.MoveNext()
--- End of stack trace from previous location where exception was thrown ---
   at System.Runtime.CompilerServices.TaskAwaiter.ThrowForNonSuccess(Task task)
   at System.Runtime.CompilerServices.TaskAwaiter.HandleNonSuccessAndDebuggerNotification(Task task)
   at System.Runtime.CompilerServices.TaskAwaiter.ValidateEnd(Task task)
   at CardIdleRemastered.AccountModel.<LoadAccount>d__19.MoveNext()
--- End of stack trace from previous location where exception was thrown ---
   at System.Runtime.CompilerServices.AsyncMethodBuilderCore.<>c.<ThrowAsync>b__6_0(Object state)
   at System.Windows.Threading.ExceptionWrapper.InternalRealCall(Delegate callback, Object args, Int32 numArgs)
   at System.Windows.Threading.ExceptionWrapper.TryCatchWhen(Object source, Delegate callback, Object args, Int32 numArgs, Delegate catchHandler)
